<?xml version="1.0" encoding="UTF-8"?>
<!-- Generated by org.testng.reporters.JUnitXMLReporter -->
<testsuite ignored="0" hostname="DESKTOP-HCHH74B" failures="0" tests="3" name="Default test" time="34.12" errors="0" timestamp="28 Jan 2022 13:34:08 GMT">
  <testcase classname="org.test.SampleTask" name="tc1" time="3.569"/>
  <testcase classname="org.test.SampleTask" name="tc2" time="11.251"/>
  <testcase classname="org.test.SampleTask" name="tc3" time="9.265"/>
</testsuite> <!-- Default test -->
