<?xml version="1.0" encoding="UTF-8"?>
<testng-results ignored="0" total="3" passed="3" failed="0" skipped="0">
  <reporter-output>
  </reporter-output>
  <suite started-at="2022-01-28T13:33:34Z" name="Default suite" finished-at="2022-01-28T13:34:08Z" duration-ms="34120">
    <groups>
    </groups>
    <test started-at="2022-01-28T13:33:34Z" name="Default test" finished-at="2022-01-28T13:34:08Z" duration-ms="34120">
      <class name="org.test.SampleTask">
        <test-method is-config="true" signature="starting()[pri:0, instance:org.test.SampleTask@1e8b7643]" started-at="2022-01-28T13:33:34Z" name="starting" finished-at="2022-01-28T13:33:44Z" duration-ms="9864" status="PASS">
          <reporter-output>
          </reporter-output>
        </test-method> <!-- starting -->
        <test-method is-config="true" signature="start()[pri:0, instance:org.test.SampleTask@1e8b7643]" started-at="2022-01-28T13:33:44Z" name="start" finished-at="2022-01-28T13:33:44Z" duration-ms="84" status="PASS">
          <reporter-output>
          </reporter-output>
        </test-method> <!-- start -->
        <test-method signature="tc1()[pri:0, instance:org.test.SampleTask@1e8b7643]" started-at="2022-01-28T13:33:44Z" name="tc1" finished-at="2022-01-28T13:33:47Z" duration-ms="3569" status="PASS">
          <reporter-output>
          </reporter-output>
        </test-method> <!-- tc1 -->
        <test-method is-config="true" signature="start()[pri:0, instance:org.test.SampleTask@1e8b7643]" started-at="2022-01-28T13:33:47Z" name="start" finished-at="2022-01-28T13:33:47Z" duration-ms="11" status="PASS">
          <reporter-output>
          </reporter-output>
        </test-method> <!-- start -->
        <test-method signature="tc2()[pri:0, instance:org.test.SampleTask@1e8b7643]" started-at="2022-01-28T13:33:47Z" name="tc2" finished-at="2022-01-28T13:33:58Z" duration-ms="11251" status="PASS">
          <reporter-output>
          </reporter-output>
        </test-method> <!-- tc2 -->
        <test-method is-config="true" signature="start()[pri:0, instance:org.test.SampleTask@1e8b7643]" started-at="2022-01-28T13:33:58Z" name="start" finished-at="2022-01-28T13:33:58Z" duration-ms="12" status="PASS">
          <reporter-output>
          </reporter-output>
        </test-method> <!-- start -->
        <test-method signature="tc3()[pri:0, instance:org.test.SampleTask@1e8b7643]" started-at="2022-01-28T13:33:58Z" name="tc3" finished-at="2022-01-28T13:34:08Z" duration-ms="9265" status="PASS">
          <reporter-output>
          </reporter-output>
        </test-method> <!-- tc3 -->
      </class> <!-- org.test.SampleTask -->
    </test> <!-- Default test -->
  </suite> <!-- Default suite -->
</testng-results>
